[INFO  - 2020-05-12T17:03:07.443Z] GhostDriver - Main - running on port 61667
[INFO  - 2020-05-12T17:03:09.484Z] Session [74ca0280-9472-11ea-8296-31695f825461] - page.settings - {"XSSAuditingEnabled":false,"javascriptCanCloseWindows":true,"javascriptCanOpenWindows":true,"javascriptEnabled":true,"loadImages":true,"localToRemoteUrlAccessEnabled":false,"userAgent":"Mozilla/5.0 (Windows NT 6.2; WOW64) AppleWebKit/538.1 (KHTML, like Gecko) PhantomJS/2.1.1 Safari/538.1","webSecurityEnabled":true}
[INFO  - 2020-05-12T17:03:09.484Z] Session [74ca0280-9472-11ea-8296-31695f825461] - page.customHeaders:  - {}
[INFO  - 2020-05-12T17:03:09.485Z] Session [74ca0280-9472-11ea-8296-31695f825461] - Session.negotiatedCapabilities - {"browserName":"phantomjs","version":"2.1.1","driverName":"ghostdriver","driverVersion":"1.2.0","platform":"windows-10-32bit","javascriptEnabled":true,"takesScreenshot":true,"handlesAlerts":false,"databaseEnabled":false,"locationContextEnabled":false,"applicationCacheEnabled":false,"browserConnectionEnabled":false,"cssSelectorsEnabled":true,"webStorageEnabled":false,"rotatable":false,"acceptSslCerts":false,"nativeEvents":true,"proxy":{"proxyType":"direct"}}
[INFO  - 2020-05-12T17:03:09.485Z] SessionManagerReqHand - _postNewSessionCommand - New Session Created: 74ca0280-9472-11ea-8296-31695f825461
[ERROR - 2020-05-12T17:03:11.116Z] Session [74ca0280-9472-11ea-8296-31695f825461] - page.onError - msg: ReferenceError: Can't find variable: WeakMap

  phantomjs://platform/console++.js:263 in error
[ERROR - 2020-05-12T17:03:11.116Z] Session [74ca0280-9472-11ea-8296-31695f825461] - page.onError - stack:
  (anonymous function) (https://s.yimg.com/uc/finance/srchjs/0.1.23/js/finSearch.min.js:2)
  (anonymous function) (https://s.yimg.com/uc/finance/srchjs/0.1.23/js/finSearch.min.js:2)
  n (https://s.yimg.com/uc/finance/srchjs/0.1.23/js/finSearch.min.js:2)
  (anonymous function) (https://s.yimg.com/uc/finance/srchjs/0.1.23/js/finSearch.min.js:2)
  n (https://s.yimg.com/uc/finance/srchjs/0.1.23/js/finSearch.min.js:2)
  (anonymous function) (https://s.yimg.com/uc/finance/srchjs/0.1.23/js/finSearch.min.js:2)
  n (https://s.yimg.com/uc/finance/srchjs/0.1.23/js/finSearch.min.js:2)
  (anonymous function) (https://s.yimg.com/uc/finance/srchjs/0.1.23/js/finSearch.min.js:2)
  n (https://s.yimg.com/uc/finance/srchjs/0.1.23/js/finSearch.min.js:2)
  (anonymous function) (https://s.yimg.com/uc/finance/srchjs/0.1.23/js/finSearch.min.js:2)

  phantomjs://platform/console++.js:263 in error
[ERROR - 2020-05-12T17:03:11.878Z] Session [74ca0280-9472-11ea-8296-31695f825461] - page.onError - msg: ChunkLoadError: Loading chunk 47 failed.
(missing: https://s.yimg.com/uc/finance/dd-site/js/QuotePage.230542436f6d64e04ee6.min.js)

  phantomjs://platform/console++.js:263 in error
[ERROR - 2020-05-12T17:03:11.878Z] Session [74ca0280-9472-11ea-8296-31695f825461] - page.onError - stack:
  oe (https://s.yimg.com/uc/finance/dd-site/js/main.b22a080ac5312ef7ca27.min.js:1)

  phantomjs://platform/console++.js:263 in error
[ERROR - 2020-05-12T17:03:11.892Z] Session [74ca0280-9472-11ea-8296-31695f825461] - page.onError - msg: Unhandled promise rejection ChunkLoadError: Loading chunk 47 failed.
(missing: https://s.yimg.com/uc/finance/dd-site/js/QuotePage.230542436f6d64e04ee6.min.js)

  phantomjs://platform/console++.js:263 in error
[ERROR - 2020-05-12T17:03:11.893Z] Session [74ca0280-9472-11ea-8296-31695f825461] - page.onError - stack:
  (anonymous function) (https://s.yimg.com/aaq/wf/wf-core-1.40.6.js:1)

  phantomjs://platform/console++.js:263 in error
[INFO  - 2020-05-12T17:08:07.440Z] SessionManagerReqHand - _cleanupWindowlessSessions - Asynchronous Sessions clean-up phase starting NOW
[INFO  - 2020-05-12T17:13:07.444Z] SessionManagerReqHand - _cleanupWindowlessSessions - Asynchronous Sessions clean-up phase starting NOW
[INFO  - 2020-05-12T17:18:07.444Z] SessionManagerReqHand - _cleanupWindowlessSessions - Asynchronous Sessions clean-up phase starting NOW
[INFO  - 2020-05-12T17:23:07.444Z] SessionManagerReqHand - _cleanupWindowlessSessions - Asynchronous Sessions clean-up phase starting NOW
[INFO  - 2020-05-12T17:28:07.444Z] SessionManagerReqHand - _cleanupWindowlessSessions - Asynchronous Sessions clean-up phase starting NOW
[INFO  - 2020-05-12T17:33:07.444Z] SessionManagerReqHand - _cleanupWindowlessSessions - Asynchronous Sessions clean-up phase starting NOW
[INFO  - 2020-05-12T17:38:07.445Z] SessionManagerReqHand - _cleanupWindowlessSessions - Asynchronous Sessions clean-up phase starting NOW
[INFO  - 2020-05-12T17:43:07.445Z] SessionManagerReqHand - _cleanupWindowlessSessions - Asynchronous Sessions clean-up phase starting NOW
[INFO  - 2020-05-12T17:48:07.445Z] SessionManagerReqHand - _cleanupWindowlessSessions - Asynchronous Sessions clean-up phase starting NOW
[INFO  - 2020-05-12T17:53:07.445Z] SessionManagerReqHand - _cleanupWindowlessSessions - Asynchronous Sessions clean-up phase starting NOW
[INFO  - 2020-05-12T17:58:07.445Z] SessionManagerReqHand - _cleanupWindowlessSessions - Asynchronous Sessions clean-up phase starting NOW
[INFO  - 2020-05-12T18:03:07.446Z] SessionManagerReqHand - _cleanupWindowlessSessions - Asynchronous Sessions clean-up phase starting NOW
[INFO  - 2020-05-12T18:08:07.445Z] SessionManagerReqHand - _cleanupWindowlessSessions - Asynchronous Sessions clean-up phase starting NOW
[INFO  - 2020-05-12T18:13:07.459Z] SessionManagerReqHand - _cleanupWindowlessSessions - Asynchronous Sessions clean-up phase starting NOW
[INFO  - 2020-05-12T18:18:07.459Z] SessionManagerReqHand - _cleanupWindowlessSessions - Asynchronous Sessions clean-up phase starting NOW
[INFO  - 2020-05-12T18:23:07.468Z] SessionManagerReqHand - _cleanupWindowlessSessions - Asynchronous Sessions clean-up phase starting NOW
[INFO  - 2020-05-12T18:28:07.475Z] SessionManagerReqHand - _cleanupWindowlessSessions - Asynchronous Sessions clean-up phase starting NOW
[INFO  - 2020-05-12T18:33:07.475Z] SessionManagerReqHand - _cleanupWindowlessSessions - Asynchronous Sessions clean-up phase starting NOW
[INFO  - 2020-05-12T18:38:07.475Z] SessionManagerReqHand - _cleanupWindowlessSessions - Asynchronous Sessions clean-up phase starting NOW
[INFO  - 2020-05-12T18:43:07.475Z] SessionManagerReqHand - _cleanupWindowlessSessions - Asynchronous Sessions clean-up phase starting NOW
[INFO  - 2020-05-12T18:48:07.475Z] SessionManagerReqHand - _cleanupWindowlessSessions - Asynchronous Sessions clean-up phase starting NOW
[INFO  - 2020-05-12T18:53:07.475Z] SessionManagerReqHand - _cleanupWindowlessSessions - Asynchronous Sessions clean-up phase starting NOW
[INFO  - 2020-05-12T18:58:07.476Z] SessionManagerReqHand - _cleanupWindowlessSessions - Asynchronous Sessions clean-up phase starting NOW
[INFO  - 2020-05-12T19:03:07.476Z] SessionManagerReqHand - _cleanupWindowlessSessions - Asynchronous Sessions clean-up phase starting NOW
[INFO  - 2020-05-12T19:08:07.476Z] SessionManagerReqHand - _cleanupWindowlessSessions - Asynchronous Sessions clean-up phase starting NOW
[INFO  - 2020-05-12T19:13:07.476Z] SessionManagerReqHand - _cleanupWindowlessSessions - Asynchronous Sessions clean-up phase starting NOW
[INFO  - 2020-05-12T19:18:07.476Z] SessionManagerReqHand - _cleanupWindowlessSessions - Asynchronous Sessions clean-up phase starting NOW
[INFO  - 2020-05-12T19:23:07.476Z] SessionManagerReqHand - _cleanupWindowlessSessions - Asynchronous Sessions clean-up phase starting NOW
[INFO  - 2020-05-12T19:28:07.476Z] SessionManagerReqHand - _cleanupWindowlessSessions - Asynchronous Sessions clean-up phase starting NOW
[INFO  - 2020-05-12T19:33:07.477Z] SessionManagerReqHand - _cleanupWindowlessSessions - Asynchronous Sessions clean-up phase starting NOW
[INFO  - 2020-05-12T19:38:07.477Z] SessionManagerReqHand - _cleanupWindowlessSessions - Asynchronous Sessions clean-up phase starting NOW
[INFO  - 2020-05-12T19:43:07.491Z] SessionManagerReqHand - _cleanupWindowlessSessions - Asynchronous Sessions clean-up phase starting NOW
[INFO  - 2020-05-12T19:48:07.503Z] SessionManagerReqHand - _cleanupWindowlessSessions - Asynchronous Sessions clean-up phase starting NOW
[INFO  - 2020-05-12T19:53:07.512Z] SessionManagerReqHand - _cleanupWindowlessSessions - Asynchronous Sessions clean-up phase starting NOW
[INFO  - 2020-05-12T19:58:07.512Z] SessionManagerReqHand - _cleanupWindowlessSessions - Asynchronous Sessions clean-up phase starting NOW
